# JRE version: Java(TM) SE Runtime Environment (22.0.2+9) (build 22.0.2+9-70)
# Java VM: Java HotSpot(TM) 64-Bit Server VM (22.0.2+9-70, mixed mode, sharing, tiered, compressed oops, compressed class ptrs, g1 gc, windows-amd64)
GC Precious Log:
 CardTable entry size: 512
 Card Set container configuration: InlinePtr #cards 5 size 8 Array Of Cards #cards 12 size 40 Howl #buckets 4 coarsen threshold 1843 Howl Bitmap #cards 512 size 80 coarsen threshold 460 Card regions per heap region 1 cards per card region 2048
 CPUs: 4 total, 4 available
 Memory: 4007M
 Large Page Support: Disabled
 NUMA Support: Disabled
 Compressed Oops: Enabled (32-bit)
 Heap Region Size: 1M
 Heap Min Capacity: 8M
 Heap Initial Capacity: 64M
 Heap Max Capacity: 1002M
 Pre-touch: Disabled
 Parallel Workers: 4
 Concurrent Workers: 1
 Concurrent Refinement Workers: 4
 Periodic GC: Disabled
Heap:
 garbage-first heap   total reserved 1026048K, committed 96256K, used 69957K [0x00000000c1600000, 0x0000000100000000)
  region size 1024K, 15 young (15360K), 2 survivors (2048K)
 Metaspace       used 30915K, committed 31488K, reserved 1114112K
  class space    used 3566K, committed 3840K, reserved 1048576K
GC Heap History (20 events):
Event: 25.222 GC heap before
{Heap before GC invocations=5 (full 0):
 garbage-first heap   total reserved 1026048K, committed 65536K, used 55214K [0x00000000c1600000, 0x0000000100000000)
  region size 1024K, 36 young (36864K), 3 survivors (3072K)
 Metaspace       used 17102K, committed 17408K, reserved 1114112K
  class space    used 2003K, committed 2176K, reserved 1048576K
}
Event: 25.233 GC heap after
{Heap after GC invocations=6 (full 0):
 garbage-first heap   total reserved 1026048K, committed 65536K, used 23439K [0x00000000c1600000, 0x0000000100000000)
  region size 1024K, 2 young (2048K), 2 survivors (2048K)
 Metaspace       used 17102K, committed 17408K, reserved 1114112K
  class space    used 2003K, committed 2176K, reserved 1048576K
}
Event: 25.247 GC heap before
{Heap before GC invocations=6 (full 0):
 garbage-first heap   total reserved 1026048K, committed 65536K, used 35727K [0x00000000c1600000, 0x0000000100000000)
  region size 1024K, 3 young (3072K), 2 survivors (2048K)
 Metaspace       used 17102K, committed 17408K, reserved 1114112K
  class space    used 2003K, committed 2176K, reserved 1048576K
}
Event: 25.252 GC heap after
{Heap after GC invocations=7 (full 0):
 garbage-first heap   total reserved 1026048K, committed 65536K, used 35840K [0x00000000c1600000, 0x0000000100000000)
  region size 1024K, 2 young (2048K), 2 survivors (2048K)
 Metaspace       used 17102K, committed 17408K, reserved 1114112K
  class space    used 2003K, committed 2176K, reserved 1048576K
}
Event: 28.097 GC heap before
{Heap before GC invocations=8 (full 0):
 garbage-first heap   total reserved 1026048K, committed 80896K, used 72704K [0x00000000c1600000, 0x0000000100000000)
  region size 1024K, 24 young (24576K), 2 survivors (2048K)
 Metaspace       used 19895K, committed 20160K, reserved 1114112K
  class space    used 2324K, committed 2432K, reserved 1048576K
}
Event: 28.112 GC heap after
{Heap after GC invocations=9 (full 0):
 garbage-first heap   total reserved 1026048K, committed 80896K, used 21504K [0x00000000c1600000, 0x0000000100000000)
  region size 1024K, 3 young (3072K), 3 survivors (3072K)
 Metaspace       used 19895K, committed 20160K, reserved 1114112K
  class space    used 2324K, committed 2432K, reserved 1048576K
}
Event: 32.185 GC heap before
{Heap before GC invocations=9 (full 0):
 garbage-first heap   total reserved 1026048K, committed 80896K, used 68608K [0x00000000c1600000, 0x0000000100000000)
  region size 1024K, 47 young (48128K), 3 survivors (3072K)
 Metaspace       used 26304K, committed 26688K, reserved 1114112K
  class space    used 3074K, committed 3264K, reserved 1048576K
}
Event: 32.224 GC heap after
{Heap after GC invocations=10 (full 0):
 garbage-first heap   total reserved 1026048K, committed 88064K, used 38912K [0x00000000c1600000, 0x0000000100000000)
  region size 1024K, 6 young (6144K), 6 survivors (6144K)
 Metaspace       used 26304K, committed 26688K, reserved 1114112K
  class space    used 3074K, committed 3264K, reserved 1048576K
}
Event: 35.032 GC heap before
{Heap before GC invocations=10 (full 0):
 garbage-first heap   total reserved 1026048K, committed 88064K, used 71680K [0x00000000c1600000, 0x0000000100000000)
  region size 1024K, 39 young (39936K), 6 survivors (6144K)
 Metaspace       used 28252K, committed 28736K, reserved 1114112K
  class space    used 3318K, committed 3520K, reserved 1048576K
}
Event: 35.050 GC heap after
{Heap after GC invocations=11 (full 0):
 garbage-first heap   total reserved 1026048K, committed 88064K, used 40960K [0x00000000c1600000, 0x0000000100000000)
  region size 1024K, 2 young (2048K), 2 survivors (2048K)
 Metaspace       used 28252K, committed 28736K, reserved 1114112K
  class space    used 3318K, committed 3520K, reserved 1048576K
}
Event: 35.852 GC heap before
{Heap before GC invocations=11 (full 0):
 garbage-first heap   total reserved 1026048K, committed 88064K, used 55296K [0x00000000c1600000, 0x0000000100000000)
  region size 1024K, 17 young (17408K), 2 survivors (2048K)
 Metaspace       used 28679K, committed 29120K, reserved 1114112K
  class space    used 3350K, committed 3584K, reserved 1048576K
}
Event: 35.857 GC heap after
{Heap after GC invocations=12 (full 0):
 garbage-first heap   total reserved 1026048K, committed 88064K, used 40835K [0x00000000c1600000, 0x0000000100000000)
  region size 1024K, 2 young (2048K), 2 survivors (2048K)
 Metaspace       used 28679K, committed 29120K, reserved 1114112K
  class space    used 3350K, committed 3584K, reserved 1048576K
}
Event: 38.519 GC heap before
{Heap before GC invocations=13 (full 0):
 garbage-first heap   total reserved 1026048K, committed 88064K, used 80771K [0x00000000c1600000, 0x0000000100000000)
  region size 1024K, 36 young (36864K), 2 survivors (2048K)
 Metaspace       used 30128K, committed 30656K, reserved 1114112K
  class space    used 3531K, committed 3776K, reserved 1048576K
}
Event: 38.541 GC heap after
{Heap after GC invocations=14 (full 0):
 garbage-first heap   total reserved 1026048K, committed 91136K, used 51534K [0x00000000c1600000, 0x0000000100000000)
  region size 1024K, 5 young (5120K), 5 survivors (5120K)
 Metaspace       used 30128K, committed 30656K, reserved 1114112K
  class space    used 3531K, committed 3776K, reserved 1048576K
}
Event: 41.297 GC heap before
{Heap before GC invocations=14 (full 0):
 garbage-first heap   total reserved 1026048K, committed 91136K, used 78158K [0x00000000c1600000, 0x0000000100000000)
  region size 1024K, 30 young (30720K), 5 survivors (5120K)
 Metaspace       used 30141K, committed 30720K, reserved 1114112K
  class space    used 3531K, committed 3776K, reserved 1048576K
}
Event: 41.319 GC heap after
{Heap after GC invocations=15 (full 0):
 garbage-first heap   total reserved 1026048K, committed 93184K, used 59900K [0x00000000c1600000, 0x0000000100000000)
  region size 1024K, 4 young (4096K), 4 survivors (4096K)
 Metaspace       used 30141K, committed 30720K, reserved 1114112K
  class space    used 3531K, committed 3776K, reserved 1048576K
}
Event: 43.177 GC heap before
{Heap before GC invocations=15 (full 0):
 garbage-first heap   total reserved 1026048K, committed 93184K, used 78332K [0x00000000c1600000, 0x0000000100000000)
  region size 1024K, 23 young (23552K), 4 survivors (4096K)
 Metaspace       used 30907K, committed 31424K, reserved 1114112K
  class space    used 3627K, committed 3840K, reserved 1048576K
}
Event: 43.187 GC heap after
{Heap after GC invocations=16 (full 0):
 garbage-first heap   total reserved 1026048K, committed 93184K, used 61440K [0x00000000c1600000, 0x0000000100000000)
  region size 1024K, 1 young (1024K), 1 survivors (1024K)
 Metaspace       used 30907K, committed 31424K, reserved 1114112K
  class space    used 3627K, committed 3840K, reserved 1048576K
}
Event: 45.469 GC heap before
{Heap before GC invocations=17 (full 0):
 garbage-first heap   total reserved 1026048K, committed 96256K, used 75776K [0x00000000c1600000, 0x0000000100000000)
  region size 1024K, 20 young (20480K), 1 survivors (1024K)
 Metaspace       used 29896K, committed 30528K, reserved 1114112K
  class space    used 3489K, committed 3712K, reserved 1048576K
}
Event: 45.473 GC heap after
{Heap after GC invocations=18 (full 0):
 garbage-first heap   total reserved 1026048K, committed 96256K, used 57669K [0x00000000c1600000, 0x0000000100000000)
  region size 1024K, 2 young (2048K), 2 survivors (2048K)
 Metaspace       used 29896K, committed 30528K, reserved 1114112K
  class space    used 3489K, committed 3712K, reserved 1048576K
}

