# JRE version: OpenJDK Runtime Environment Temurin-21.0.7+6 (21.0.7+6) (build 21.0.7+6-LTS)
# Java VM: OpenJDK 64-Bit Server VM Temurin-21.0.7+6 (21.0.7+6-LTS, mixed mode, sharing, tiered, compressed oops, compressed class ptrs, parallel gc, windows-amd64)
GC Precious Log:
 CardTable entry size: 512
 CPUs: 4 total, 4 available
 Memory: 4007M
 Large Page Support: Disabled
 NUMA Support: Disabled
 Compressed Oops: Enabled (32-bit)
 Alignments: Space 512K, Generation 512K, Heap 2M
 Heap Min Capacity: 100M
 Heap Initial Capacity: 100M
 Heap Max Capacity: 2G
 Pre-touch: Disabled
 Parallel Workers: 4
Heap:
 PSYoungGen      total 12288K, used 8508K [0x00000000d5580000, 0x00000000d6800000, 0x0000000100000000)
  eden space 10752K, 69% used [0x00000000d5580000,0x00000000d5cc2e90,0x00000000d6000000)
  from space 1536K, 69% used [0x00000000d6680000,0x00000000d678c4a0,0x00000000d6800000)
  to   space 3072K, 0% used [0x00000000d6200000,0x00000000d6200000,0x00000000d6500000)
 ParOldGen       total 795136K, used 794457K [0x0000000080000000, 0x00000000b0880000, 0x00000000d5580000)
  object space 795136K, 99% used [0x0000000080000000,0x00000000b07d67e8,0x00000000b0880000)
 Metaspace       used 77601K, committed 79168K, reserved 1179648K
  class space    used 8020K, committed 8704K, reserved 1048576K
GC Heap History (20 events):
Event: 202.864 GC heap before
{Heap before GC invocations=1432 (full 3):
 PSYoungGen      total 11264K, used 11086K [0x00000000d5580000, 0x00000000d6280000, 0x0000000100000000)
  eden space 10752K, 100% used [0x00000000d5580000,0x00000000d6000000,0x00000000d6000000)
  from space 512K, 65% used [0x00000000d6200000,0x00000000d6253b00,0x00000000d6280000)
  to   space 512K, 0% used [0x00000000d6000000,0x00000000d6000000,0x00000000d6080000)
 ParOldGen       total 738816K, used 738172K [0x0000000080000000, 0x00000000ad180000, 0x00000000d5580000)
  object space 738816K, 99% used [0x0000000080000000,0x00000000ad0df220,0x00000000ad180000)
 Metaspace       used 75159K, committed 76736K, reserved 1179648K
  class space    used 7812K, committed 8448K, reserved 1048576K
}
Event: 202.875 GC heap after
{Heap after GC invocations=1432 (full 3):
 PSYoungGen      total 11264K, used 282K [0x00000000d5580000, 0x00000000d6380000, 0x0000000100000000)
  eden space 10752K, 0% used [0x00000000d5580000,0x00000000d5580000,0x00000000d6000000)
  from space 512K, 55% used [0x00000000d6000000,0x00000000d6046900,0x00000000d6080000)
  to   space 512K, 0% used [0x00000000d6300000,0x00000000d6300000,0x00000000d6380000)
 ParOldGen       total 738816K, used 738461K [0x0000000080000000, 0x00000000ad180000, 0x00000000d5580000)
  object space 738816K, 99% used [0x0000000080000000,0x00000000ad127620,0x00000000ad180000)
 Metaspace       used 75159K, committed 76736K, reserved 1179648K
  class space    used 7812K, committed 8448K, reserved 1048576K
}
Event: 202.924 GC heap before
{Heap before GC invocations=1433 (full 3):
 PSYoungGen      total 11264K, used 11034K [0x00000000d5580000, 0x00000000d6380000, 0x0000000100000000)
  eden space 10752K, 100% used [0x00000000d5580000,0x00000000d6000000,0x00000000d6000000)
  from space 512K, 55% used [0x00000000d6000000,0x00000000d6046900,0x00000000d6080000)
  to   space 512K, 0% used [0x00000000d6300000,0x00000000d6300000,0x00000000d6380000)
 ParOldGen       total 738816K, used 738461K [0x0000000080000000, 0x00000000ad180000, 0x00000000d5580000)
  object space 738816K, 99% used [0x0000000080000000,0x00000000ad127620,0x00000000ad180000)
 Metaspace       used 75191K, committed 76736K, reserved 1179648K
  class space    used 7819K, committed 8448K, reserved 1048576K
}
Event: 202.927 GC heap after
{Heap after GC invocations=1433 (full 3):
 PSYoungGen      total 11264K, used 256K [0x00000000d5580000, 0x00000000d6380000, 0x0000000100000000)
  eden space 10752K, 0% used [0x00000000d5580000,0x00000000d5580000,0x00000000d6000000)
  from space 512K, 50% used [0x00000000d6300000,0x00000000d6340000,0x00000000d6380000)
  to   space 512K, 0% used [0x00000000d6000000,0x00000000d6000000,0x00000000d6080000)
 ParOldGen       total 738816K, used 738626K [0x0000000080000000, 0x00000000ad180000, 0x00000000d5580000)
  object space 738816K, 99% used [0x0000000080000000,0x00000000ad150820,0x00000000ad180000)
 Metaspace       used 75191K, committed 76736K, reserved 1179648K
  class space    used 7819K, committed 8448K, reserved 1048576K
}
Event: 202.949 GC heap before
{Heap before GC invocations=1434 (full 3):
 PSYoungGen      total 11264K, used 11008K [0x00000000d5580000, 0x00000000d6380000, 0x0000000100000000)
  eden space 10752K, 100% used [0x00000000d5580000,0x00000000d6000000,0x00000000d6000000)
  from space 512K, 50% used [0x00000000d6300000,0x00000000d6340000,0x00000000d6380000)
  to   space 512K, 0% used [0x00000000d6000000,0x00000000d6000000,0x00000000d6080000)
 ParOldGen       total 738816K, used 738626K [0x0000000080000000, 0x00000000ad180000, 0x00000000d5580000)
  object space 738816K, 99% used [0x0000000080000000,0x00000000ad150820,0x00000000ad180000)
 Metaspace       used 75191K, committed 76736K, reserved 1179648K
  class space    used 7819K, committed 8448K, reserved 1048576K
}
Event: 202.954 GC heap after
{Heap after GC invocations=1434 (full 3):
 PSYoungGen      total 11264K, used 224K [0x00000000d5580000, 0x00000000d6380000, 0x0000000100000000)
  eden space 10752K, 0% used [0x00000000d5580000,0x00000000d5580000,0x00000000d6000000)
  from space 512K, 43% used [0x00000000d6000000,0x00000000d6038000,0x00000000d6080000)
  to   space 512K, 0% used [0x00000000d6300000,0x00000000d6300000,0x00000000d6380000)
 ParOldGen       total 738816K, used 738730K [0x0000000080000000, 0x00000000ad180000, 0x00000000d5580000)
  object space 738816K, 99% used [0x0000000080000000,0x00000000ad16a820,0x00000000ad180000)
 Metaspace       used 75191K, committed 76736K, reserved 1179648K
  class space    used 7819K, committed 8448K, reserved 1048576K
}
Event: 203.506 GC heap before
{Heap before GC invocations=1435 (full 3):
 PSYoungGen      total 11264K, used 10975K [0x00000000d5580000, 0x00000000d6380000, 0x0000000100000000)
  eden space 10752K, 99% used [0x00000000d5580000,0x00000000d5ffff70,0x00000000d6000000)
  from space 512K, 43% used [0x00000000d6000000,0x00000000d6038000,0x00000000d6080000)
  to   space 512K, 0% used [0x00000000d6300000,0x00000000d6300000,0x00000000d6380000)
 ParOldGen       total 738816K, used 738730K [0x0000000080000000, 0x00000000ad180000, 0x00000000d5580000)
  object space 738816K, 99% used [0x0000000080000000,0x00000000ad16a820,0x00000000ad180000)
 Metaspace       used 75325K, committed 76864K, reserved 1179648K
  class space    used 7839K, committed 8448K, reserved 1048576K
}
Event: 203.533 GC heap after
{Heap after GC invocations=1435 (full 3):
 PSYoungGen      total 11264K, used 480K [0x00000000d5580000, 0x00000000d6380000, 0x0000000100000000)
  eden space 10752K, 0% used [0x00000000d5580000,0x00000000d5580000,0x00000000d6000000)
  from space 512K, 93% used [0x00000000d6300000,0x00000000d6378020,0x00000000d6380000)
  to   space 1536K, 0% used [0x00000000d6080000,0x00000000d6080000,0x00000000d6200000)
 ParOldGen       total 739328K, used 739306K [0x0000000080000000, 0x00000000ad200000, 0x00000000d5580000)
  object space 739328K, 99% used [0x0000000080000000,0x00000000ad1fa820,0x00000000ad200000)
 Metaspace       used 75325K, committed 76864K, reserved 1179648K
  class space    used 7839K, committed 8448K, reserved 1048576K
}
Event: 204.127 GC heap before
{Heap before GC invocations=1436 (full 3):
 PSYoungGen      total 11264K, used 11232K [0x00000000d5580000, 0x00000000d6380000, 0x0000000100000000)
  eden space 10752K, 100% used [0x00000000d5580000,0x00000000d6000000,0x00000000d6000000)
  from space 512K, 93% used [0x00000000d6300000,0x00000000d6378020,0x00000000d6380000)
  to   space 1536K, 0% used [0x00000000d6080000,0x00000000d6080000,0x00000000d6200000)
 ParOldGen       total 739328K, used 739306K [0x0000000080000000, 0x00000000ad200000, 0x00000000d5580000)
  object space 739328K, 99% used [0x0000000080000000,0x00000000ad1fa820,0x00000000ad200000)
 Metaspace       used 75493K, committed 76992K, reserved 1179648K
  class space    used 7849K, committed 8448K, reserved 1048576K
}
Event: 204.134 GC heap after
{Heap after GC invocations=1436 (full 3):
 PSYoungGen      total 12288K, used 896K [0x00000000d5580000, 0x00000000d6380000, 0x0000000100000000)
  eden space 10752K, 0% used [0x00000000d5580000,0x00000000d5580000,0x00000000d6000000)
  from space 1536K, 58% used [0x00000000d6080000,0x00000000d6160020,0x00000000d6200000)
  to   space 1024K, 0% used [0x00000000d6280000,0x00000000d6280000,0x00000000d6380000)
 ParOldGen       total 739840K, used 739714K [0x0000000080000000, 0x00000000ad280000, 0x00000000d5580000)
  object space 739840K, 99% used [0x0000000080000000,0x00000000ad260880,0x00000000ad280000)
 Metaspace       used 75493K, committed 76992K, reserved 1179648K
  class space    used 7849K, committed 8448K, reserved 1048576K
}
Event: 205.339 GC heap before
{Heap before GC invocations=1437 (full 3):
 PSYoungGen      total 12288K, used 11648K [0x00000000d5580000, 0x00000000d6380000, 0x0000000100000000)
  eden space 10752K, 100% used [0x00000000d5580000,0x00000000d6000000,0x00000000d6000000)
  from space 1536K, 58% used [0x00000000d6080000,0x00000000d6160020,0x00000000d6200000)
  to   space 1024K, 0% used [0x00000000d6280000,0x00000000d6280000,0x00000000d6380000)
 ParOldGen       total 739840K, used 739714K [0x0000000080000000, 0x00000000ad280000, 0x00000000d5580000)
  object space 739840K, 99% used [0x0000000080000000,0x00000000ad260880,0x00000000ad280000)
 Metaspace       used 76216K, committed 77824K, reserved 1179648K
  class space    used 7906K, committed 8576K, reserved 1048576K
}
Event: 205.357 GC heap after
{Heap after GC invocations=1437 (full 3):
 PSYoungGen      total 11776K, used 608K [0x00000000d5580000, 0x00000000d6380000, 0x0000000100000000)
  eden space 10752K, 0% used [0x00000000d5580000,0x00000000d5580000,0x00000000d6000000)
  from space 1024K, 59% used [0x00000000d6280000,0x00000000d6318000,0x00000000d6380000)
  to   space 1024K, 0% used [0x00000000d6180000,0x00000000d6180000,0x00000000d6280000)
 ParOldGen       total 740864K, used 740462K [0x0000000080000000, 0x00000000ad380000, 0x00000000d5580000)
  object space 740864K, 99% used [0x0000000080000000,0x00000000ad31b8d0,0x00000000ad380000)
 Metaspace       used 76216K, committed 77824K, reserved 1179648K
  class space    used 7906K, committed 8576K, reserved 1048576K
}
Event: 206.201 GC heap before
{Heap before GC invocations=1438 (full 3):
 PSYoungGen      total 11776K, used 11360K [0x00000000d5580000, 0x00000000d6380000, 0x0000000100000000)
  eden space 10752K, 100% used [0x00000000d5580000,0x00000000d6000000,0x00000000d6000000)
  from space 1024K, 59% used [0x00000000d6280000,0x00000000d6318000,0x00000000d6380000)
  to   space 1024K, 0% used [0x00000000d6180000,0x00000000d6180000,0x00000000d6280000)
 ParOldGen       total 740864K, used 740462K [0x0000000080000000, 0x00000000ad380000, 0x00000000d5580000)
  object space 740864K, 99% used [0x0000000080000000,0x00000000ad31b8d0,0x00000000ad380000)
 Metaspace       used 76899K, committed 78528K, reserved 1179648K
  class space    used 7977K, committed 8640K, reserved 1048576K
}
Event: 206.224 GC heap after
{Heap after GC invocations=1438 (full 3):
 PSYoungGen      total 11776K, used 1017K [0x00000000d5580000, 0x00000000d6500000, 0x0000000100000000)
  eden space 10752K, 0% used [0x00000000d5580000,0x00000000d5580000,0x00000000d6000000)
  from space 1024K, 99% used [0x00000000d6180000,0x00000000d627e440,0x00000000d6280000)
  to   space 2560K, 0% used [0x00000000d6280000,0x00000000d6280000,0x00000000d6500000)
 ParOldGen       total 741888K, used 741460K [0x0000000080000000, 0x00000000ad480000, 0x00000000d5580000)
  object space 741888K, 99% used [0x0000000080000000,0x00000000ad415310,0x00000000ad480000)
 Metaspace       used 76899K, committed 78528K, reserved 1179648K
  class space    used 7977K, committed 8640K, reserved 1048576K
}
Event: 206.462 GC heap before
{Heap before GC invocations=1439 (full 3):
 PSYoungGen      total 11776K, used 11769K [0x00000000d5580000, 0x00000000d6500000, 0x0000000100000000)
  eden space 10752K, 100% used [0x00000000d5580000,0x00000000d6000000,0x00000000d6000000)
  from space 1024K, 99% used [0x00000000d6180000,0x00000000d627e440,0x00000000d6280000)
  to   space 2560K, 0% used [0x00000000d6280000,0x00000000d6280000,0x00000000d6500000)
 ParOldGen       total 741888K, used 741460K [0x0000000080000000, 0x00000000ad480000, 0x00000000d5580000)
  object space 741888K, 99% used [0x0000000080000000,0x00000000ad415310,0x00000000ad480000)
 Metaspace       used 77105K, committed 78656K, reserved 1179648K
  class space    used 7985K, committed 8640K, reserved 1048576K
}
Event: 206.468 GC heap after
{Heap after GC invocations=1439 (full 3):
 PSYoungGen      total 12800K, used 1686K [0x00000000d5580000, 0x00000000d6480000, 0x0000000100000000)
  eden space 10752K, 0% used [0x00000000d5580000,0x00000000d5580000,0x00000000d6000000)
  from space 2048K, 82% used [0x00000000d6280000,0x00000000d6425880,0x00000000d6480000)
  to   space 2048K, 0% used [0x00000000d6080000,0x00000000d6080000,0x00000000d6280000)
 ParOldGen       total 743936K, used 743588K [0x0000000080000000, 0x00000000ad680000, 0x00000000d5580000)
  object space 743936K, 99% used [0x0000000080000000,0x00000000ad6292a8,0x00000000ad680000)
 Metaspace       used 77105K, committed 78656K, reserved 1179648K
  class space    used 7985K, committed 8640K, reserved 1048576K
}
Event: 206.980 GC heap before
{Heap before GC invocations=1440 (full 3):
 PSYoungGen      total 12800K, used 12098K [0x00000000d5580000, 0x00000000d6480000, 0x0000000100000000)
  eden space 10752K, 96% used [0x00000000d5580000,0x00000000d5fab080,0x00000000d6000000)
  from space 2048K, 82% used [0x00000000d6280000,0x00000000d6425880,0x00000000d6480000)
  to   space 2048K, 0% used [0x00000000d6080000,0x00000000d6080000,0x00000000d6280000)
 ParOldGen       total 743936K, used 743588K [0x0000000080000000, 0x00000000ad680000, 0x00000000d5580000)
  object space 743936K, 99% used [0x0000000080000000,0x00000000ad6292a8,0x00000000ad680000)
 Metaspace       used 77269K, committed 78848K, reserved 1179648K
  class space    used 7992K, committed 8640K, reserved 1048576K
}
Event: 206.990 GC heap after
{Heap after GC invocations=1440 (full 3):
 PSYoungGen      total 12800K, used 2016K [0x00000000d5580000, 0x00000000d6d00000, 0x0000000100000000)
  eden space 10752K, 0% used [0x00000000d5580000,0x00000000d5580000,0x00000000d6000000)
  from space 2048K, 98% used [0x00000000d6080000,0x00000000d6278040,0x00000000d6280000)
  to   space 6656K, 0% used [0x00000000d6680000,0x00000000d6680000,0x00000000d6d00000)
 ParOldGen       total 747520K, used 747446K [0x0000000080000000, 0x00000000ada00000, 0x00000000d5580000)
  object space 747520K, 99% used [0x0000000080000000,0x00000000ad9eda38,0x00000000ada00000)
 Metaspace       used 77269K, committed 78848K, reserved 1179648K
  class space    used 7992K, committed 8640K, reserved 1048576K
}
Event: 207.185 GC heap before
{Heap before GC invocations=1441 (full 3):
 PSYoungGen      total 12800K, used 12768K [0x00000000d5580000, 0x00000000d6d00000, 0x0000000100000000)
  eden space 10752K, 100% used [0x00000000d5580000,0x00000000d6000000,0x00000000d6000000)
  from space 2048K, 98% used [0x00000000d6080000,0x00000000d6278040,0x00000000d6280000)
  to   space 6656K, 0% used [0x00000000d6680000,0x00000000d6680000,0x00000000d6d00000)
 ParOldGen       total 755200K, used 755111K [0x0000000080000000, 0x00000000ae180000, 0x00000000d5580000)
  object space 755200K, 99% used [0x0000000080000000,0x00000000ae169c98,0x00000000ae180000)
 Metaspace       used 77457K, committed 79104K, reserved 1179648K
  class space    used 8008K, committed 8704K, reserved 1048576K
}
Event: 207.201 GC heap after
{Heap after GC invocations=1441 (full 3):
 PSYoungGen      total 12288K, used 1073K [0x00000000d5580000, 0x00000000d6800000, 0x0000000100000000)
  eden space 10752K, 0% used [0x00000000d5580000,0x00000000d5580000,0x00000000d6000000)
  from space 1536K, 69% used [0x00000000d6680000,0x00000000d678c4a0,0x00000000d6800000)
  to   space 3072K, 0% used [0x00000000d6200000,0x00000000d6200000,0x00000000d6500000)
 ParOldGen       total 757248K, used 757119K [0x0000000080000000, 0x00000000ae380000, 0x00000000d5580000)
  object space 757248K, 99% used [0x0000000080000000,0x00000000ae35fc98,0x00000000ae380000)
 Metaspace       used 77457K, committed 79104K, reserved 1179648K
  class space    used 8008K, committed 8704K, reserved 1048576K
}

